<?xml version="1.0" encoding="UTF-8"?><testsuite errors="1" failures="0" name="Add a product to the shopping cart." skipped="0" tests="1" time="170.71" timestamp="2020-01-16 09:20:44"><testcase name="Add a product to the shopping cart in wong."><error message="element click intercepted: Element &lt;span&gt;...&lt;/span&gt; is not clickable at point (599, 118). Other element would receive the click: &lt;button id=&quot;onesignal-popover-cancel-button&quot; class=&quot;align-right secondary popover-button&quot;&gt;...&lt;/button&gt;&#10;  (Session info: chrome=79.0.3945.130)&#10;Build info: version: '3.141.59', revision: 'e82be7d358', time: '2018-11-14T08:17:03'&#10;System info: host: 'AMAFVFXWHNRHV29', ip: 'fe80:0:0:0:1897:fd32:8b70:1e2b%en0', os.name: 'Mac OS X', os.arch: 'x86_64', os.version: '10.14.6', java.version: '11.0.5'&#10;Driver info: org.openqa.selenium.remote.RemoteWebDriver&#10;Capabilities {acceptInsecureCerts: false, browserName: chrome, browserVersion: 79.0.3945.130, chrome: {chromedriverVersion: 79.0.3945.36 (3582db32b3389..., userDataDir: /var/folders/r3/9vtkxdt52hb...}, goog:chromeOptions: {debuggerAddress: localhost:58725}, javascriptEnabled: true, networkConnectionEnabled: false, pageLoadStrategy: normal, platform: MAC, platformName: MAC, proxy: Proxy(), setWindowRect: true, strictFileInteractability: false, timeouts: {implicit: 0, pageLoad: 300000, script: 30000}, unhandledPromptBehavior: dismiss and notify}&#10;Session ID: cc9a7e7d10da106645f7059197774324" type="org.openqa.selenium.ElementClickInterceptedException">element click intercepted: Element &lt;span&gt;...&lt;/span&gt; is not clickable at point (599, 118). Other element would receive the click: &lt;button id="onesignal-popover-cancel-button" class="align-right secondary popover-button"&gt;...&lt;/button&gt;
  (Session info: chrome=79.0.3945.130)
Build info: version: '3.141.59', revision: 'e82be7d358', time: '2018-11-14T08:17:03'
System info: host: 'AMAFVFXWHNRHV29', ip: 'fe80:0:0:0:1897:fd32:8b70:1e2b%en0', os.name: 'Mac OS X', os.arch: 'x86_64', os.version: '10.14.6', java.version: '11.0.5'
Driver info: org.openqa.selenium.remote.RemoteWebDriver
Capabilities {acceptInsecureCerts: false, browserName: chrome, browserVersion: 79.0.3945.130, chrome: {chromedriverVersion: 79.0.3945.36 (3582db32b3389..., userDataDir: /var/folders/r3/9vtkxdt52hb...}, goog:chromeOptions: {debuggerAddress: localhost:58725}, javascriptEnabled: true, networkConnectionEnabled: false, pageLoadStrategy: normal, platform: MAC, platformName: MAC, proxy: Proxy(), setWindowRect: true, strictFileInteractability: false, timeouts: {implicit: 0, pageLoad: 300000, script: 30000}, unhandledPromptBehavior: dismiss and notify}
Session ID: cc9a7e7d10da106645f7059197774324</error><system-err>element click intercepted: Element &lt;span&gt;...&lt;/span&gt; is not clickable at point (599, 118). Other element would receive the click: &lt;button id="onesignal-popover-cancel-button" class="align-right secondary popover-button"&gt;...&lt;/button&gt;
  (Session info: chrome=79.0.3945.130)
Build info: version: '3.141.59', revision: 'e82be7d358', time: '2018-11-14T08:17:03'
System info: host: 'AMAFVFXWHNRHV29', ip: 'fe80:0:0:0:1897:fd32:8b70:1e2b%en0', os.name: 'Mac OS X', os.arch: 'x86_64', os.version: '10.14.6', java.version: '11.0.5'
Driver info: org.openqa.selenium.remote.RemoteWebDriver
Capabilities {acceptInsecureCerts: false, browserName: chrome, browserVersion: 79.0.3945.130, chrome: {chromedriverVersion: 79.0.3945.36 (3582db32b3389..., userDataDir: /var/folders/r3/9vtkxdt52hb...}, goog:chromeOptions: {debuggerAddress: localhost:58725}, javascriptEnabled: true, networkConnectionEnabled: false, pageLoadStrategy: normal, platform: MAC, platformName: MAC, proxy: Proxy(), setWindowRect: true, strictFileInteractability: false, timeouts: {implicit: 0, pageLoad: 300000, script: 30000}, unhandledPromptBehavior: dismiss and notify}
Session ID: cc9a7e7d10da106645f7059197774324
java.base/jdk.internal.reflect.NativeConstructorAccessorImpl.newInstance0(Native Method)
java.base/jdk.internal.reflect.NativeConstructorAccessorImpl.newInstance(NativeConstructorAccessorImpl.java:62)
java.base/jdk.internal.reflect.DelegatingConstructorAccessorImpl.newInstance(DelegatingConstructorAccessorImpl.java:45)
com.google.www.tasks.SelectArticleType.performAs(SelectArticleType.java:22)
com.google.www.stepdefinitions.WongStepDefinitions.iSelectTheArticle(WongStepDefinitions.java:34)
java.base/jdk.internal.reflect.NativeMethodAccessorImpl.invoke0(Native Method)
java.base/jdk.internal.reflect.NativeMethodAccessorImpl.invoke(NativeMethodAccessorImpl.java:62)
java.base/jdk.internal.reflect.DelegatingMethodAccessorImpl.invoke(DelegatingMethodAccessorImpl.java:43)
cucumber.runner.Runner.runPickle(Runner.java:80)
</system-err></testcase></testsuite>