<?xml version="1.0" encoding="UTF-8"?><testsuite errors="1" failures="0" name="Add a product to the shopping cart." skipped="0" tests="1" time="238.69" timestamp="2020-01-16 11:12:31"><testcase name="Add a product to the shopping cart in wong."><error message="element click intercepted: Element &lt;button type=&quot;button&quot; class=&quot;btn red minicart__action--toggle-open food-site&quot; data-minicart=&quot;minicart-navigation&quot;&gt;...&lt;/button&gt; is not clickable at point (1129, 120). Other element would receive the click: &lt;div class=&quot;shipping-preference-overlay&quot; style=&quot;opacity: 0.588312; display: flex;&quot;&gt;...&lt;/div&gt;&#10;  (Session info: chrome=79.0.3945.130)&#10;Build info: version: '3.14.0', revision: 'aacccce0', time: '2018-08-02T20:19:58.91Z'&#10;System info: host: 'AMAFVFXWHNRHV29', ip: 'fe80:0:0:0:1897:fd32:8b70:1e2b%en0', os.name: 'Mac OS X', os.arch: 'x86_64', os.version: '10.14.6', java.version: '1.8.0_211'&#10;Driver info: org.openqa.selenium.remote.RemoteWebDriver&#10;Capabilities {acceptInsecureCerts: false, browserName: chrome, browserVersion: 79.0.3945.130, chrome: {chromedriverVersion: 79.0.3945.36 (3582db32b3389..., userDataDir: /var/folders/r3/9vtkxdt52hb...}, goog:chromeOptions: {debuggerAddress: localhost:60695}, javascriptEnabled: true, networkConnectionEnabled: false, pageLoadStrategy: normal, platform: MAC, platformName: MAC, proxy: Proxy(), setWindowRect: true, strictFileInteractability: false, timeouts: {implicit: 0, pageLoad: 300000, script: 30000}, unhandledPromptBehavior: dismiss and notify}&#10;Session ID: 04e70e4d17d5e9cc0993343ce97258e7" type="org.openqa.selenium.ElementClickInterceptedException">element click intercepted: Element &lt;button type="button" class="btn red minicart__action--toggle-open food-site" data-minicart="minicart-navigation"&gt;...&lt;/button&gt; is not clickable at point (1129, 120). Other element would receive the click: &lt;div class="shipping-preference-overlay" style="opacity: 0.588312; display: flex;"&gt;...&lt;/div&gt;
  (Session info: chrome=79.0.3945.130)
Build info: version: '3.14.0', revision: 'aacccce0', time: '2018-08-02T20:19:58.91Z'
System info: host: 'AMAFVFXWHNRHV29', ip: 'fe80:0:0:0:1897:fd32:8b70:1e2b%en0', os.name: 'Mac OS X', os.arch: 'x86_64', os.version: '10.14.6', java.version: '1.8.0_211'
Driver info: org.openqa.selenium.remote.RemoteWebDriver
Capabilities {acceptInsecureCerts: false, browserName: chrome, browserVersion: 79.0.3945.130, chrome: {chromedriverVersion: 79.0.3945.36 (3582db32b3389..., userDataDir: /var/folders/r3/9vtkxdt52hb...}, goog:chromeOptions: {debuggerAddress: localhost:60695}, javascriptEnabled: true, networkConnectionEnabled: false, pageLoadStrategy: normal, platform: MAC, platformName: MAC, proxy: Proxy(), setWindowRect: true, strictFileInteractability: false, timeouts: {implicit: 0, pageLoad: 300000, script: 30000}, unhandledPromptBehavior: dismiss and notify}
Session ID: 04e70e4d17d5e9cc0993343ce97258e7</error><system-err>element click intercepted: Element &lt;button type="button" class="btn red minicart__action--toggle-open food-site" data-minicart="minicart-navigation"&gt;...&lt;/button&gt; is not clickable at point (1129, 120). Other element would receive the click: &lt;div class="shipping-preference-overlay" style="opacity: 0.588312; display: flex;"&gt;...&lt;/div&gt;
  (Session info: chrome=79.0.3945.130)
Build info: version: '3.14.0', revision: 'aacccce0', time: '2018-08-02T20:19:58.91Z'
System info: host: 'AMAFVFXWHNRHV29', ip: 'fe80:0:0:0:1897:fd32:8b70:1e2b%en0', os.name: 'Mac OS X', os.arch: 'x86_64', os.version: '10.14.6', java.version: '1.8.0_211'
Driver info: org.openqa.selenium.remote.RemoteWebDriver
Capabilities {acceptInsecureCerts: false, browserName: chrome, browserVersion: 79.0.3945.130, chrome: {chromedriverVersion: 79.0.3945.36 (3582db32b3389..., userDataDir: /var/folders/r3/9vtkxdt52hb...}, goog:chromeOptions: {debuggerAddress: localhost:60695}, javascriptEnabled: true, networkConnectionEnabled: false, pageLoadStrategy: normal, platform: MAC, platformName: MAC, proxy: Proxy(), setWindowRect: true, strictFileInteractability: false, timeouts: {implicit: 0, pageLoad: 300000, script: 30000}, unhandledPromptBehavior: dismiss and notify}
Session ID: 04e70e4d17d5e9cc0993343ce97258e7
com.google.www.tasks.BuyArticle.performAs(BuyArticle.java:24)
com.google.www.stepdefinitions.WongStepDefinitions.addToShoppingCart(WongStepDefinitions.java:42)
cucumber.runner.Runner.runPickle(Runner.java:80)
</system-err></testcase></testsuite>