<?xml version="1.0" encoding="UTF-8"?><testsuite errors="1" failures="0" name="basic registration Nominapp SVPyme" skipped="0" tests="1" time="58.6" timestamp="2020-01-16 07:18:48"><testcase name="Basic register TC1, Successful case"><error message="element click intercepted: Element &lt;span&gt;...&lt;/span&gt; is not clickable at point (490, 119). Other element would receive the click: &lt;div class=&quot;clearfix&quot;&gt;&lt;/div&gt;&#10;  (Session info: chrome=79.0.3945.130)&#10;Build info: version: '3.141.59', revision: 'e82be7d358', time: '2018-11-14T08:17:03'&#10;System info: host: 'AMAFVFXWHNRHV29', ip: 'fe80:0:0:0:1897:fd32:8b70:1e2b%en0', os.name: 'Mac OS X', os.arch: 'x86_64', os.version: '10.14.6', java.version: '11.0.5'&#10;Driver info: org.openqa.selenium.remote.RemoteWebDriver&#10;Capabilities {acceptInsecureCerts: false, browserName: chrome, browserVersion: 79.0.3945.130, chrome: {chromedriverVersion: 79.0.3945.36 (3582db32b3389..., userDataDir: /var/folders/r3/9vtkxdt52hb...}, goog:chromeOptions: {debuggerAddress: localhost:50198}, javascriptEnabled: true, networkConnectionEnabled: false, pageLoadStrategy: normal, platform: MAC, platformName: MAC, proxy: Proxy(), setWindowRect: true, strictFileInteractability: false, timeouts: {implicit: 0, pageLoad: 300000, script: 30000}, unhandledPromptBehavior: dismiss and notify}&#10;Session ID: 02d7ffbf1df4fd8b5afd7278a7e574c3" type="org.openqa.selenium.ElementClickInterceptedException">element click intercepted: Element &lt;span&gt;...&lt;/span&gt; is not clickable at point (490, 119). Other element would receive the click: &lt;div class="clearfix"&gt;&lt;/div&gt;
  (Session info: chrome=79.0.3945.130)
Build info: version: '3.141.59', revision: 'e82be7d358', time: '2018-11-14T08:17:03'
System info: host: 'AMAFVFXWHNRHV29', ip: 'fe80:0:0:0:1897:fd32:8b70:1e2b%en0', os.name: 'Mac OS X', os.arch: 'x86_64', os.version: '10.14.6', java.version: '11.0.5'
Driver info: org.openqa.selenium.remote.RemoteWebDriver
Capabilities {acceptInsecureCerts: false, browserName: chrome, browserVersion: 79.0.3945.130, chrome: {chromedriverVersion: 79.0.3945.36 (3582db32b3389..., userDataDir: /var/folders/r3/9vtkxdt52hb...}, goog:chromeOptions: {debuggerAddress: localhost:50198}, javascriptEnabled: true, networkConnectionEnabled: false, pageLoadStrategy: normal, platform: MAC, platformName: MAC, proxy: Proxy(), setWindowRect: true, strictFileInteractability: false, timeouts: {implicit: 0, pageLoad: 300000, script: 30000}, unhandledPromptBehavior: dismiss and notify}
Session ID: 02d7ffbf1df4fd8b5afd7278a7e574c3</error><system-err>element click intercepted: Element &lt;span&gt;...&lt;/span&gt; is not clickable at point (490, 119). Other element would receive the click: &lt;div class="clearfix"&gt;&lt;/div&gt;
  (Session info: chrome=79.0.3945.130)
Build info: version: '3.141.59', revision: 'e82be7d358', time: '2018-11-14T08:17:03'
System info: host: 'AMAFVFXWHNRHV29', ip: 'fe80:0:0:0:1897:fd32:8b70:1e2b%en0', os.name: 'Mac OS X', os.arch: 'x86_64', os.version: '10.14.6', java.version: '11.0.5'
Driver info: org.openqa.selenium.remote.RemoteWebDriver
Capabilities {acceptInsecureCerts: false, browserName: chrome, browserVersion: 79.0.3945.130, chrome: {chromedriverVersion: 79.0.3945.36 (3582db32b3389..., userDataDir: /var/folders/r3/9vtkxdt52hb...}, goog:chromeOptions: {debuggerAddress: localhost:50198}, javascriptEnabled: true, networkConnectionEnabled: false, pageLoadStrategy: normal, platform: MAC, platformName: MAC, proxy: Proxy(), setWindowRect: true, strictFileInteractability: false, timeouts: {implicit: 0, pageLoad: 300000, script: 30000}, unhandledPromptBehavior: dismiss and notify}
Session ID: 02d7ffbf1df4fd8b5afd7278a7e574c3
java.base/jdk.internal.reflect.NativeConstructorAccessorImpl.newInstance0(Native Method)
java.base/jdk.internal.reflect.NativeConstructorAccessorImpl.newInstance(NativeConstructorAccessorImpl.java:62)
java.base/jdk.internal.reflect.DelegatingConstructorAccessorImpl.newInstance(DelegatingConstructorAccessorImpl.java:45)
com.google.www.tasks.SelectArticleType.performAs(SelectArticleType.java:22)
com.google.www.stepdefinitions.WongStepDefinitions.iSelectTheArticle(WongStepDefinitions.java:33)
java.base/jdk.internal.reflect.NativeMethodAccessorImpl.invoke0(Native Method)
java.base/jdk.internal.reflect.NativeMethodAccessorImpl.invoke(NativeMethodAccessorImpl.java:62)
java.base/jdk.internal.reflect.DelegatingMethodAccessorImpl.invoke(DelegatingMethodAccessorImpl.java:43)
cucumber.runner.Runner.runPickle(Runner.java:80)
</system-err></testcase></testsuite>